Android/cDrone/android-sdk-v5-uxsdk/build/intermediates/manifest_merge_blame_file/debug/manifest-merger-blame-debug-report.txt
1<?xml version="1.0" encoding="utf-8"?>
2<manifest xmlns:android="http://schemas.android.com/apk/res/android"
3    package="dji.v5.ux" >
4
5    <uses-sdk android:minSdkVersion="23" />
5-->src\main\AndroidManifest.xml
6
7    <uses-permission android:name="android.permission.VIBRATE" />
7-->src\main\AndroidManifest.xml:5:5-66
7-->src\main\AndroidManifest.xml:5:22-63
8    <uses-permission android:name="android.permission.ACCESS_COARSE_LOCATION" />
8-->src\main\AndroidManifest.xml:6:5-81
8-->src\main\AndroidManifest.xml:6:22-78
9    <uses-permission android:name="android.permission.ACCESS_FINE_LOCATION" />
9-->src\main\AndroidManifest.xml:7:5-79
9-->src\main\AndroidManifest.xml:7:22-76
10
11</manifest>